*** Using Compiler 'V5.06 update 3 (build 300)', folder: 'D:\KEIL_FOR_32\ARM\ARMCC\Bin'
Build target 'IICforOLEDdemo'
assembling startup_stm32f103xe.s...
compiling stm32f1xx_hal_gpio_ex.c...
compiling gpio.c...
compiling main.c...
compiling stm32f1xx_it.c...
compiling stm32f1xx_hal_msp.c...
compiling i2c.c...
compiling stm32f1xx_hal_i2c.c...
compiling stm32f1xx_hal_cortex.c...
compiling stm32f1xx_hal.c...
compiling stm32f1xx_hal_rcc_ex.c...
compiling stm32f1xx_hal_gpio.c...
compiling stm32f1xx_hal_dma.c...
compiling stm32f1xx_hal_pwr.c...
compiling stm32f1xx_hal_rcc.c...
compiling system_stm32f1xx.c...
compiling stm32f1xx_hal_tim_ex.c...
compiling stm32f1xx_hal_flash.c...
compiling stm32f1xx_hal_tim.c...
compiling stm32f1xx_hal_flash_ex.c...
compiling stm32f1xx_hal_exti.c...
linking...
Program Size: Code=3026 RO-data=362 RW-data=16 ZI-data=1112  
FromELF: creating hex file...
"IICforOLEDdemo\IICforOLEDdemo.axf" - 0 Error(s), 0 Warning(s).
Build Time Elapsed:  00:00:11
